[2026-01-06 10:06:27] Error: Exception: This should go into the logs in /opt/lampp/htdocs/project-2/bin/schema_load.php on Line 10
[2026-01-06 10:52:33] Error: Error: Class "App\Controller\Exception" not found in /opt/lampp/htdocs/project-2/app/Controller/HomeController.php on Line 8
[2026-01-06 10:52:46] Error: Error: Class "App\Controller\Exception" not found in /opt/lampp/htdocs/project-2/app/Controller/HomeController.php on Line 8
[2026-01-07 20:01:10] Error: Error: Class "App\Controllers\User" not found in /opt/lampp/htdocs/project-2/app/Controllers/HomeController.php on Line 8
[2026-01-07 20:01:20] Error: Error: Class "App\Controllers\User" not found in /opt/lampp/htdocs/project-2/app/Controllers/HomeController.php on Line 8
[2026-01-07 20:01:39] Error: Error: Class "App\Controllers\User" not found in /opt/lampp/htdocs/project-2/app/Controllers/HomeController.php on Line 8
[2026-01-07 20:02:36] Error: Error: Class "App\Controllers\User" not found in /opt/lampp/htdocs/project-2/app/Controllers/HomeController.php on Line 9
[2026-01-07 20:02:45] Error: Error: Class "App\Controllers\User" not found in /opt/lampp/htdocs/project-2/app/Controllers/HomeController.php on Line 9
[2026-01-07 20:03:04] Error: Error: Class "App\Controllers\User" not found in /opt/lampp/htdocs/project-2/app/Controllers/HomeController.php on Line 9
[2026-01-07 20:03:11] Error: Error: Class "App\Controllers\User" not found in /opt/lampp/htdocs/project-2/app/Controllers/HomeController.php on Line 9
[2026-01-07 20:03:12] Error: Error: Class "App\Controllers\User" not found in /opt/lampp/htdocs/project-2/app/Controllers/HomeController.php on Line 9
[2026-01-07 20:06:42] Error: Error: Class "App\Controllers\User" not found in /opt/lampp/htdocs/project-2/app/Controllers/HomeController.php on Line 9
[2026-01-07 20:06:48] Error: Error: Class "App\Controllers\User" not found in /opt/lampp/htdocs/project-2/app/Controllers/HomeController.php on Line 9
[2026-01-07 20:07:44] Error: Error: Class "App\Controllers\User" not found in /opt/lampp/htdocs/project-2/app/Controllers/HomeController.php on Line 10
[2026-01-07 20:07:46] Error: Error: Class "App\Controllers\User" not found in /opt/lampp/htdocs/project-2/app/Controllers/HomeController.php on Line 10
[2026-01-07 20:07:59] Error: Error: Class "App\Controllers\User" not found in /opt/lampp/htdocs/project-2/app/Controllers/HomeController.php on Line 9
[2026-01-07 20:08:32] Error: Error: Class "App\Controllers\User" not found in /opt/lampp/htdocs/project-2/app/Controllers/HomeController.php on Line 9
[2026-01-07 20:08:34] Error: Error: Class "App\Controllers\User" not found in /opt/lampp/htdocs/project-2/app/Controllers/HomeController.php on Line 9
[2026-01-07 20:08:35] Error: Error: Class "App\Controllers\User" not found in /opt/lampp/htdocs/project-2/app/Controllers/HomeController.php on Line 9
[2026-01-07 20:08:59] Error: Error: Class "App\Controllers\User" not found in /opt/lampp/htdocs/project-2/app/Controllers/HomeController.php on Line 9
[2026-01-07 20:09:00] Error: Error: Class "App\Controllers\User" not found in /opt/lampp/htdocs/project-2/app/Controllers/HomeController.php on Line 9
[2026-01-07 20:09:01] Error: Error: Class "App\Controllers\User" not found in /opt/lampp/htdocs/project-2/app/Controllers/HomeController.php on Line 9
[2026-01-07 20:09:01] Error: Error: Class "App\Controllers\User" not found in /opt/lampp/htdocs/project-2/app/Controllers/HomeController.php on Line 9
[2026-01-07 20:09:01] Error: Error: Class "App\Controllers\User" not found in /opt/lampp/htdocs/project-2/app/Controllers/HomeController.php on Line 9
[2026-01-07 20:09:01] Error: Error: Class "App\Controllers\User" not found in /opt/lampp/htdocs/project-2/app/Controllers/HomeController.php on Line 9
[2026-01-07 20:09:02] Error: Error: Class "App\Controllers\User" not found in /opt/lampp/htdocs/project-2/app/Controllers/HomeController.php on Line 9
[2026-01-07 20:15:33] Error: Error: Class "App\Models" not found in /opt/lampp/htdocs/project-2/app/Models/User.php on Line 6
[2026-01-07 20:16:48] Error: Error: Class "App\Models" not found in /opt/lampp/htdocs/project-2/app/Models/User.php on Line 6
[2026-01-07 20:16:49] Error: Error: Class "App\Models" not found in /opt/lampp/htdocs/project-2/app/Models/User.php on Line 6
[2026-01-07 20:17:57] Error: Error: Class "App\Models\Models" not found in /opt/lampp/htdocs/project-2/app/Models/User.php on Line 6
[2026-01-07 20:17:59] Error: Error: Class "App\Models\Models" not found in /opt/lampp/htdocs/project-2/app/Models/User.php on Line 6
[2026-01-07 20:19:46] Error: Error: Class "App\Models\Models" not found in /opt/lampp/htdocs/project-2/app/Models/User.php on Line 6
[2026-01-07 20:21:31] Error: Error: Class "App\Controllers\User" not found in /opt/lampp/htdocs/project-2/app/Controllers/HomeController.php on Line 10
[2026-01-07 20:21:37] Error: Error: Class "App\Models\Models" not found in /opt/lampp/htdocs/project-2/app/Models/User.php on Line 6
[2026-01-07 20:22:40] Error: Error: Class "App\Models\Models" not found in /opt/lampp/htdocs/project-2/app/Models/User.php on Line 6
[2026-01-07 20:22:41] Error: Error: Class "App\Models\Models" not found in /opt/lampp/htdocs/project-2/app/Models/User.php on Line 6
[2026-01-07 20:22:42] Error: Error: Class "App\Models\Models" not found in /opt/lampp/htdocs/project-2/app/Models/User.php on Line 6
[2026-01-07 20:23:13] Error: Error: Class "App\Models\Models" not found in /opt/lampp/htdocs/project-2/app/Models/User.php on Line 6
[2026-01-07 20:23:14] Error: Error: Class "App\Models\Models" not found in /opt/lampp/htdocs/project-2/app/Models/User.php on Line 6
[2026-01-07 20:23:20] Error: Error: Class "App\Models\Models" not found in /opt/lampp/htdocs/project-2/app/Models/User.php on Line 6
[2026-01-07 20:26:04] Error: Error: Class "App\Controllers\User" not found in /opt/lampp/htdocs/project-2/app/Controllers/HomeController.php on Line 9
[2026-01-07 20:26:10] Error: PDOException: SQLSTATE[23000]: Integrity constraint violation: 19 UNIQUE constraint failed: users.email in /opt/lampp/htdocs/project-2/core/DataBase.php on Line 37
[2026-01-07 20:26:12] Error: PDOException: SQLSTATE[23000]: Integrity constraint violation: 19 UNIQUE constraint failed: users.email in /opt/lampp/htdocs/project-2/core/DataBase.php on Line 37
[2026-01-07 20:26:13] Error: PDOException: SQLSTATE[23000]: Integrity constraint violation: 19 UNIQUE constraint failed: users.email in /opt/lampp/htdocs/project-2/core/DataBase.php on Line 37
[2026-01-07 20:26:23] Error: PDOException: SQLSTATE[23000]: Integrity constraint violation: 19 UNIQUE constraint failed: users.email in /opt/lampp/htdocs/project-2/core/DataBase.php on Line 37
[2026-01-07 20:27:07] Error: PDOException: SQLSTATE[23000]: Integrity constraint violation: 19 UNIQUE constraint failed: users.email in /opt/lampp/htdocs/project-2/core/DataBase.php on Line 37
[2026-01-07 20:27:09] Error: PDOException: SQLSTATE[23000]: Integrity constraint violation: 19 UNIQUE constraint failed: users.email in /opt/lampp/htdocs/project-2/core/DataBase.php on Line 37
[2026-01-07 20:27:39] Error: PDOException: SQLSTATE[23000]: Integrity constraint violation: 19 UNIQUE constraint failed: users.email in /opt/lampp/htdocs/project-2/core/DataBase.php on Line 37
[2026-01-07 20:27:40] Error: PDOException: SQLSTATE[23000]: Integrity constraint violation: 19 UNIQUE constraint failed: users.email in /opt/lampp/htdocs/project-2/core/DataBase.php on Line 37
[2026-01-07 20:27:44] Error: PDOException: SQLSTATE[23000]: Integrity constraint violation: 19 UNIQUE constraint failed: users.email in /opt/lampp/htdocs/project-2/core/DataBase.php on Line 37
[2026-01-07 20:27:46] Error: PDOException: SQLSTATE[23000]: Integrity constraint violation: 19 UNIQUE constraint failed: users.email in /opt/lampp/htdocs/project-2/core/DataBase.php on Line 37
[2026-01-07 20:27:52] Error: PDOException: SQLSTATE[23000]: Integrity constraint violation: 19 UNIQUE constraint failed: users.email in /opt/lampp/htdocs/project-2/core/DataBase.php on Line 37
[2026-01-07 20:28:30] Error: PDOException: SQLSTATE[23000]: Integrity constraint violation: 19 UNIQUE constraint failed: users.email in /opt/lampp/htdocs/project-2/core/DataBase.php on Line 37
[2026-01-08 09:53:01] Error: PDOException: SQLSTATE[HY000]: General error: 1 no such table: commets in /opt/lampp/htdocs/project-2/core/DataBase.php on Line 36
[2026-01-08 09:53:41] Error: PDOException: SQLSTATE[HY000]: General error: 1 no such table: commets in /opt/lampp/htdocs/project-2/core/DataBase.php on Line 36
[2026-01-08 09:55:12] Error: PDOException: SQLSTATE[HY000]: General error: 1 no such table: commets in /opt/lampp/htdocs/project-2/core/DataBase.php on Line 36
[2026-01-08 09:55:53] Error: PDOException: SQLSTATE[HY000]: General error: 1 no such table: commets in /opt/lampp/htdocs/project-2/core/DataBase.php on Line 36
[2026-01-08 10:20:58] Error: PDOException: SQLSTATE[HY000]: General error: 1 near "FROMpostsORDER": syntax error in /opt/lampp/htdocs/project-2/core/DataBase.php on Line 36
[2026-01-08 10:21:08] Error: PDOException: SQLSTATE[HY000]: General error: 1 near "FROMpostsORDER": syntax error in /opt/lampp/htdocs/project-2/core/DataBase.php on Line 36
[2026-01-08 10:22:45] Error: PDOException: SQLSTATE[HY000]: General error: 1 near "FROMpostsORDER": syntax error in /opt/lampp/htdocs/project-2/core/DataBase.php on Line 36
[2026-01-08 10:23:22] Error: PDOException: SQLSTATE[HY000]: General error: 1 near "FROMpostsORDER": syntax error in /opt/lampp/htdocs/project-2/core/DataBase.php on Line 36
[2026-01-08 10:23:23] Error: PDOException: SQLSTATE[HY000]: General error: 1 near "FROMpostsORDER": syntax error in /opt/lampp/htdocs/project-2/core/DataBase.php on Line 36
[2026-01-08 10:23:25] Error: PDOException: SQLSTATE[HY000]: General error: 1 near "FROMpostsORDER": syntax error in /opt/lampp/htdocs/project-2/core/DataBase.php on Line 36
[2026-01-08 10:23:54] Error: PDOException: SQLSTATE[HY000]: General error: 1 near "FROMpostsORDER": syntax error in /opt/lampp/htdocs/project-2/core/DataBase.php on Line 36
[2026-01-08 10:23:55] Error: PDOException: SQLSTATE[HY000]: General error: 1 near "FROMpostsORDER": syntax error in /opt/lampp/htdocs/project-2/core/DataBase.php on Line 36
[2026-01-08 10:25:08] Error: PDOException: SQLSTATE[HY000]: General error: 1 near "FROMpostsORDER": syntax error in /opt/lampp/htdocs/project-2/core/DataBase.php on Line 36
[2026-01-08 10:34:54] Error: PDOException: SQLSTATE[HY000]: General error: 1 near "FROMpostsORDER": syntax error in /opt/lampp/htdocs/project-2/core/DataBase.php on Line 36
[2026-01-08 10:47:25] Error: ErrorException: Array to string conversion in /opt/lampp/htdocs/project-2/app/Models/Post.php on Line 15
[2026-01-08 11:14:24] Error: ErrorException: Creation of dynamic property App\Models\Post::$id is deprecated in /opt/lampp/htdocs/project-2/core/DataBase.php on Line 43
[2026-01-08 13:57:43] Error: Error: Class "Core\Views" not found in /opt/lampp/htdocs/project-2/core/Router.php on Line 17
[2026-01-08 13:58:06] Error: Error: Class "Core\Views" not found in /opt/lampp/htdocs/project-2/core/Router.php on Line 17
[2026-01-08 13:58:30] Error: RuntimeException: Error: template not found /opt/lampp/htdocs/project-2/app/Views/errors/404.php.php in /opt/lampp/htdocs/project-2/core/View.php on Line 18
[2026-01-08 13:59:31] Error: RuntimeException: Error: template not found /opt/lampp/htdocs/project-2/app/Views/errors/404.php.php in /opt/lampp/htdocs/project-2/core/View.php on Line 18
[2026-01-08 14:00:51] Error: Error: Class "Core\Views" not found in /opt/lampp/htdocs/project-2/core/Router.php on Line 17
[2026-01-08 14:01:16] Error: Error: Class "Core\Views" not found in /opt/lampp/htdocs/project-2/core/Router.php on Line 18
[2026-01-08 14:01:18] Error: Error: Class "Core\Views" not found in /opt/lampp/htdocs/project-2/core/Router.php on Line 18
[2026-01-08 14:01:57] Error: RuntimeException: Error: template not found /opt/lampp/htdocs/project-2/app/Views/errors/404.php.php in /opt/lampp/htdocs/project-2/core/View.php on Line 19
[2026-01-08 14:01:58] Error: RuntimeException: Error: template not found /opt/lampp/htdocs/project-2/app/Views/errors/404.php.php in /opt/lampp/htdocs/project-2/core/View.php on Line 19
[2026-01-08 14:02:05] Error: RuntimeException: Error: template not found /opt/lampp/htdocs/project-2/app/Views/errors/404.php.php in /opt/lampp/htdocs/project-2/core/View.php on Line 18
[2026-01-08 14:03:58] Error: RuntimeException: Error: template not found /opt/lampp/htdocs/project-2/app/Views/errors/404.php.php in /opt/lampp/htdocs/project-2/core/View.php on Line 18
[2026-01-08 14:03:59] Error: RuntimeException: Error: template not found /opt/lampp/htdocs/project-2/app/Views/errors/404.php.php in /opt/lampp/htdocs/project-2/core/View.php on Line 18
[2026-01-08 14:04:04] Error: RuntimeException: Error: template not found /opt/lampp/htdocs/project-2/app/Views/errors/404.php.php in /opt/lampp/htdocs/project-2/core/View.php on Line 18
[2026-01-08 14:10:00] Error: RuntimeException: Error: template not found /opt/lampp/htdocs/project-2/app/Views/errors/404.php.php in /opt/lampp/htdocs/project-2/core/View.php on Line 18
[2026-01-08 14:12:07] Error: RuntimeException: Error: template not found /opt/lampp/htdocs/project-2/app/Views/errors/errors/404.php.php in /opt/lampp/htdocs/project-2/core/View.php on Line 18
[2026-01-08 14:12:35] Error: RuntimeException: Error: template not found /opt/lampp/htdocs/project-2/app/Views/errors/404.php.php in /opt/lampp/htdocs/project-2/core/View.php on Line 18
[2026-01-08 14:24:17] Error: Error: Class "App\Controllers\PostController" not found in /opt/lampp/htdocs/project-2/core/Router.php on Line 66
[2026-01-08 14:26:58] Error: Error: Class "App\Controllers\PostController" not found in /opt/lampp/htdocs/project-2/core/Router.php on Line 66
[2026-01-08 14:26:59] Error: Error: Class "App\Controllers\PostController" not found in /opt/lampp/htdocs/project-2/core/Router.php on Line 66
[2026-01-08 14:27:10] Error: Error: Class "App\Controllers\PostController" not found in /opt/lampp/htdocs/project-2/core/Router.php on Line 65
[2026-01-08 14:28:49] Error: Error: Class "App\Controllers\PostController" not found in /opt/lampp/htdocs/project-2/core/Router.php on Line 65
[2026-01-08 14:29:38] Error: Error: Class "App\Controllers\PostController" not found in /opt/lampp/htdocs/project-2/core/Router.php on Line 65
[2026-01-08 14:30:26] Error: Error: Class "App\Controllers\PostController" not found in /opt/lampp/htdocs/project-2/core/Router.php on Line 65
[2026-01-08 14:30:27] Error: Error: Class "App\Controllers\PostController" not found in /opt/lampp/htdocs/project-2/core/Router.php on Line 65
[2026-01-08 14:30:33] Error: Error: Class "App\Controllers\PostController" not found in /opt/lampp/htdocs/project-2/core/Router.php on Line 65
[2026-01-08 14:33:03] Error: Error: Call to undefined method App\Controllers\PostController::index() in /opt/lampp/htdocs/project-2/core/Router.php on Line 65
[2026-01-08 14:33:07] Error: Error: Call to undefined method App\Controllers\PostController::index() in /opt/lampp/htdocs/project-2/core/Router.php on Line 65
[2026-01-08 14:33:59] Error: Error: Call to undefined method App\Controllers\PostController::index() in /opt/lampp/htdocs/project-2/core/Router.php on Line 65
[2026-01-08 14:34:26] Error: Error: Call to undefined method App\Controllers\PostController::index() in /opt/lampp/htdocs/project-2/core/Router.php on Line 65
[2026-01-08 14:53:33] Error: Error: Class "App\Controllers\Post" not found in /opt/lampp/htdocs/project-2/app/Controllers/PostController.php on Line 12
[2026-01-08 14:53:41] Error: Error: Class "App\Controllers\Post" not found in /opt/lampp/htdocs/project-2/app/Controllers/PostController.php on Line 12
[2026-01-08 14:53:44] Error: Error: Class "App\Controllers\Post" not found in /opt/lampp/htdocs/project-2/app/Controllers/PostController.php on Line 12
[2026-01-08 14:58:08] Error: Error: Class "App\Controllers\Post" not found in /opt/lampp/htdocs/project-2/app/Controllers/PostController.php on Line 12
[2026-01-08 15:05:40] Error: Error: Class "App\Controllers\Post" not found in /opt/lampp/htdocs/project-2/app/Controllers/PostController.php on Line 12
[2026-01-08 15:06:59] Error: PDOException: SQLSTATE[HY000]: General error: 1 near "WHERE": syntax error in /opt/lampp/htdocs/project-2/core/DataBase.php on Line 36
[2026-01-08 15:07:09] Error: Error: Class "App\Controllers\Post" not found in /opt/lampp/htdocs/project-2/app/Controllers/PostController.php on Line 13
[2026-01-08 15:07:10] Error: Error: Class "App\Controllers\Post" not found in /opt/lampp/htdocs/project-2/app/Controllers/PostController.php on Line 13
[2026-01-08 15:07:16] Error: Error: Class "App\Controllers\Post" not found in /opt/lampp/htdocs/project-2/app/Controllers/PostController.php on Line 13
[2026-01-08 15:07:20] Error: Error: Class "App\Controllers\Post" not found in /opt/lampp/htdocs/project-2/app/Controllers/PostController.php on Line 13
[2026-01-08 15:07:31] Error: Error: Class "App\Controllers\Post" not found in /opt/lampp/htdocs/project-2/app/Controllers/PostController.php on Line 13
[2026-01-08 15:09:05] Error: Error: Class "Model\Post" not found in /opt/lampp/htdocs/project-2/app/Controllers/PostController.php on Line 13
[2026-01-08 15:09:06] Error: Error: Class "Model\Post" not found in /opt/lampp/htdocs/project-2/app/Controllers/PostController.php on Line 13
[2026-01-08 15:09:22] Error: Error: Class "Models\Post" not found in /opt/lampp/htdocs/project-2/app/Controllers/PostController.php on Line 13
[2026-01-08 15:09:23] Error: Error: Class "Models\Post" not found in /opt/lampp/htdocs/project-2/app/Controllers/PostController.php on Line 13
[2026-01-08 15:09:39] Error: Error: Class "App\Controllers\Comment" not found in /opt/lampp/htdocs/project-2/app/Controllers/PostController.php on Line 19
[2026-01-08 15:09:39] Error: Error: Class "App\Controllers\Comment" not found in /opt/lampp/htdocs/project-2/app/Controllers/PostController.php on Line 19
[2026-01-08 15:09:57] Error: Error: Class "App\Controllers\View" not found in /opt/lampp/htdocs/project-2/app/Controllers/PostController.php on Line 22
[2026-01-08 15:11:21] Error: Error: Class "App\Controllers\Post" not found in /opt/lampp/htdocs/project-2/app/Controllers/PostController.php on Line 16
[2026-01-08 15:12:17] Error: TypeError: Core\Model::find(): Return value must be of type ?App\Models\Post, false returned in /opt/lampp/htdocs/project-2/core/Model.php on Line 15
[2026-01-08 15:12:42] Error: TypeError: Core\Model::find(): Return value must be of type ?App\Models\Post, false returned in /opt/lampp/htdocs/project-2/core/Model.php on Line 15
[2026-01-08 15:14:52] Error: ErrorException: Array to string conversion in /opt/lampp/htdocs/project-2/core/Model.php on Line 15
[2026-01-08 15:14:59] Error: ErrorException: Array to string conversion in /opt/lampp/htdocs/project-2/core/Model.php on Line 15
[2026-01-08 15:14:59] Error: ErrorException: Array to string conversion in /opt/lampp/htdocs/project-2/core/Model.php on Line 15
[2026-01-08 15:15:50] Error: TypeError: Core\Model::find(): Return value must be of type ?App\Models\Post, false returned in /opt/lampp/htdocs/project-2/core/Model.php on Line 15
[2026-01-08 15:16:05] Error: ErrorException: Array to string conversion in /opt/lampp/htdocs/project-2/core/Model.php on Line 15
[2026-01-08 15:16:23] Error: ErrorException: Array to string conversion in /opt/lampp/htdocs/project-2/core/Model.php on Line 15
[2026-01-08 15:16:24] Error: ErrorException: Array to string conversion in /opt/lampp/htdocs/project-2/core/Model.php on Line 15
[2026-01-08 15:17:50] Error: ErrorException: Array to string conversion in /opt/lampp/htdocs/project-2/core/Model.php on Line 15
[2026-01-08 15:17:58] Error: ErrorException: Array to string conversion in /opt/lampp/htdocs/project-2/core/Model.php on Line 15
[2026-01-08 15:24:52] Error: TypeError: Core\Model::find(): Return value must be of type ?App\Models\Post, false returned in /opt/lampp/htdocs/project-2/core/Model.php on Line 15
[2026-01-08 15:31:39] Error: TypeError: Core\Model::find(): Return value must be of type ?App\Models\Post, false returned in /opt/lampp/htdocs/project-2/core/Model.php on Line 15
[2026-01-08 15:32:44] Error: TypeError: Core\Model::find(): Return value must be of type ?App\Models\Post, false returned in /opt/lampp/htdocs/project-2/core/Model.php on Line 15
[2026-01-08 15:33:03] Error: TypeError: Core\Model::find(): Return value must be of type ?App\Models\Post, false returned in /opt/lampp/htdocs/project-2/core/Model.php on Line 15
[2026-01-08 15:33:12] Error: TypeError: Core\Model::find(): Return value must be of type ?App\Models\Post, false returned in /opt/lampp/htdocs/project-2/core/Model.php on Line 15
[2026-01-08 15:33:33] Error: TypeError: Core\Model::find(): Return value must be of type ?App\Models\Post, false returned in /opt/lampp/htdocs/project-2/core/Model.php on Line 15
[2026-01-08 15:33:55] Error: TypeError: Core\Model::find(): Return value must be of type ?App\Models\Post, false returned in /opt/lampp/htdocs/project-2/core/Model.php on Line 15
[2026-01-08 15:34:04] Error: TypeError: Core\Model::find(): Return value must be of type ?App\Models\Post, false returned in /opt/lampp/htdocs/project-2/core/Model.php on Line 15
[2026-01-08 15:34:41] Error: TypeError: Core\Model::find(): Return value must be of type ?App\Models\Post, false returned in /opt/lampp/htdocs/project-2/core/Model.php on Line 15
[2026-01-08 15:35:08] Error: TypeError: Core\Model::find(): Return value must be of type ?App\Models\Post, false returned in /opt/lampp/htdocs/project-2/core/Model.php on Line 15
[2026-01-08 15:35:09] Error: TypeError: Core\Model::find(): Return value must be of type ?App\Models\Post, false returned in /opt/lampp/htdocs/project-2/core/Model.php on Line 15
[2026-01-08 15:38:17] Error: TypeError: Core\Model::find(): Return value must be of type ?App\Models\Post, false returned in /opt/lampp/htdocs/project-2/core/Model.php on Line 15
[2026-01-08 15:39:51] Error: TypeError: Core\Router::callAction(): Return value must be of type string, null returned in /opt/lampp/htdocs/project-2/core/Router.php on Line 65
[2026-01-08 15:39:53] Error: TypeError: Core\Router::callAction(): Return value must be of type string, null returned in /opt/lampp/htdocs/project-2/core/Router.php on Line 65
[2026-01-08 15:41:16] Error: ParseError: syntax error, unexpected token "public", expecting end of file in /opt/lampp/htdocs/project-2/app/Controllers/PostController.php on Line 21
[2026-01-08 15:41:30] Error: ErrorException: Undefined variable $posts in /opt/lampp/htdocs/project-2/app/Controllers/PostController.php on Line 15
[2026-01-08 15:41:52] Error: ErrorException: Undefined variable $post in /opt/lampp/htdocs/project-2/app/Controllers/PostController.php on Line 15
[2026-01-08 15:42:21] Error: ErrorException: Undefined variable $id in /opt/lampp/htdocs/project-2/app/Controllers/PostController.php on Line 11
[2026-01-08 15:42:38] Error: ArgumentCountError: Too few arguments to function Core\Model::find(), 0 passed in /opt/lampp/htdocs/project-2/app/Controllers/PostController.php on line 11 and exactly 1 expected in /opt/lampp/htdocs/project-2/core/Model.php on Line 13
[2026-01-08 15:43:04] Error: ErrorException: Undefined variable $post in /opt/lampp/htdocs/project-2/app/Controllers/PostController.php on Line 14
[2026-01-08 15:45:56] Error: ArgumentCountError: Too few arguments to function App\Models\Post::getRecent(), 0 passed in /opt/lampp/htdocs/project-2/app/Controllers/PostController.php on line 11 and exactly 1 expected in /opt/lampp/htdocs/project-2/app/Models/Post.php on Line 18
[2026-01-08 15:46:43] Error: ArgumentCountError: Too few arguments to function App\Models\Post::getRecent(), 0 passed in /opt/lampp/htdocs/project-2/app/Controllers/PostController.php on line 11 and exactly 1 expected in /opt/lampp/htdocs/project-2/app/Models/Post.php on Line 18
[2026-01-08 15:52:50] Error: ErrorException: Undefined variable $post in /opt/lampp/htdocs/project-2/app/Controllers/PostController.php on Line 12
[2026-01-08 15:54:28] Error: PDOException: SQLSTATE[HY000]: General error: 1 near "ORDER": syntax error in /opt/lampp/htdocs/project-2/core/DataBase.php on Line 36
[2026-01-08 16:28:25] Error: ErrorException: Undefined variable $post in /opt/lampp/htdocs/project-2/app/Views/post/index.php on Line 13
[2026-01-08 16:28:54] Error: ErrorException: Undefined variable $post in /opt/lampp/htdocs/project-2/app/Views/post/index.php on Line 13
[2026-01-08 16:28:57] Error: ErrorException: Undefined variable $post in /opt/lampp/htdocs/project-2/app/Views/post/index.php on Line 13
[2026-01-08 17:03:34] Error: ErrorException: Undefined variable $tamplate in /opt/lampp/htdocs/project-2/helpers.php on Line 8
[2026-01-08 17:25:23] Error: Error: Call to a member function fetchColumn() on array in /opt/lampp/htdocs/project-2/app/Models/Post.php on Line 60
[2026-01-08 17:26:12] Error: Error: Call to a member function fetchColumn() on array in /opt/lampp/htdocs/project-2/app/Models/Post.php on Line 60
[2026-01-08 17:26:35] Error: Error: Call to a member function fetchColumn() on array in /opt/lampp/htdocs/project-2/app/Models/Post.php on Line 60
[2026-01-08 18:52:43] Error: Error: Call to a member function fetchColumn() on array in /opt/lampp/htdocs/project-2/app/Models/Post.php on Line 60
[2026-01-08 18:55:27] Error: Error: Call to a member function fetchColumn() on array in /opt/lampp/htdocs/project-2/app/Models/Post.php on Line 60
[2026-01-08 18:59:19] Error: TypeError: App\Models\Post::count(): Return value must be of type int, none returned in /opt/lampp/htdocs/project-2/app/Models/Post.php on Line 61
[2026-01-08 18:59:20] Error: TypeError: App\Models\Post::count(): Return value must be of type int, none returned in /opt/lampp/htdocs/project-2/app/Models/Post.php on Line 61
[2026-01-08 19:00:51] Error: Error: Call to a member function fetchColumn() on array in /opt/lampp/htdocs/project-2/app/Models/Post.php on Line 60
[2026-01-08 19:02:27] Error: Error: Call to a member function fetchColumn() on array in /opt/lampp/htdocs/project-2/app/Models/Post.php on Line 60
[2026-01-08 19:08:22] Error: Error: Call to a member function fetchColumn() on array in /opt/lampp/htdocs/project-2/app/Models/Post.php on Line 60
[2026-01-08 19:08:23] Error: Error: Call to a member function fetchColumn() on array in /opt/lampp/htdocs/project-2/app/Models/Post.php on Line 60
[2026-01-08 19:08:40] Error: Error: Call to a member function fetchColumn() on array in /opt/lampp/htdocs/project-2/app/Models/Post.php on Line 60
[2026-01-08 19:28:08] Error: Error: Call to a member function fetchColumn() on array in /opt/lampp/htdocs/project-2/app/Models/Post.php on Line 60
[2026-01-08 19:32:05] Error: Error: Call to a member function fetchColumn() on array in /opt/lampp/htdocs/project-2/app/Models/Post.php on Line 60
[2026-01-08 19:33:23] Error: Error: Call to a member function fetchColumn() on array in /opt/lampp/htdocs/project-2/app/Models/Post.php on Line 60
[2026-01-08 19:36:30] Error: ErrorException: Undefined variable $page in /opt/lampp/htdocs/project-2/app/Views/post/index.php on Line 10
[2026-01-08 19:37:20] Error: ErrorException: Undefined variable $page in /opt/lampp/htdocs/project-2/app/Views/partials/_pagination.php on Line 16
[2026-01-08 19:38:21] Error: ErrorException: Undefined variable $page in /opt/lampp/htdocs/project-2/app/Views/partials/_pagination.php on Line 6
[2026-01-08 19:38:24] Error: ErrorException: Undefined variable $page in /opt/lampp/htdocs/project-2/app/Views/partials/_pagination.php on Line 6
[2026-01-08 19:38:53] Error: ErrorException: Undefined variable $page in /opt/lampp/htdocs/project-2/app/Views/partials/_pagination.php on Line 6
[2026-01-08 19:38:54] Error: ErrorException: Undefined variable $page in /opt/lampp/htdocs/project-2/app/Views/partials/_pagination.php on Line 6
[2026-01-08 19:38:55] Error: ErrorException: Undefined variable $page in /opt/lampp/htdocs/project-2/app/Views/partials/_pagination.php on Line 6
[2026-01-08 21:52:02] Error: Error: Class "App\Controllers\Auth" not found in /opt/lampp/htdocs/project-2/app/Controllers/AuthController.php on Line 17
[2026-01-08 21:53:25] Error: ErrorException: Undefined variable $eamil in /opt/lampp/htdocs/project-2/app/Models/User.php on Line 19
[2026-01-08 21:53:51] Error: TypeError: App\Models\User::findByEmail(): Return value must be of type ?App\Models\User, false returned in /opt/lampp/htdocs/project-2/app/Models/User.php on Line 20
[2026-01-08 21:57:51] Error: ErrorException: Undefined variable $ser in /opt/lampp/htdocs/project-2/app/Services/Auth.php on Line 8
[2026-01-08 21:58:21] Error: ErrorException: session_regenerate_id(): Session ID cannot be regenerated when there is no active session in /opt/lampp/htdocs/project-2/app/Services/Auth.php on Line 9
[2026-01-08 22:05:58] Error: ErrorException: Undefined array key "user_id" in /opt/lampp/htdocs/project-2/public/index.php on Line 14
[2026-01-08 22:06:32] Error: ErrorException: Undefined array key "user_id" in /opt/lampp/htdocs/project-2/public/index.php on Line 14
[2026-01-08 22:54:12] Error: ErrorException: Undefined variable $globals in /opt/lampp/htdocs/project-2/core/View.php on Line 14
[2026-01-08 22:54:12] Error: Error: Only arrays and Traversables can be unpacked, null given in /opt/lampp/htdocs/project-2/core/View.php on Line 14
[2026-01-08 22:54:12] Error: ErrorException: Undefined variable $globals in /opt/lampp/htdocs/project-2/core/View.php on Line 14
[2026-01-08 22:54:43] Error: ErrorException: Undefined variable $globals in /opt/lampp/htdocs/project-2/core/View.php on Line 14
[2026-01-08 22:54:43] Error: Error: Only arrays and Traversables can be unpacked, null given in /opt/lampp/htdocs/project-2/core/View.php on Line 14
[2026-01-08 22:54:43] Error: ErrorException: Undefined variable $globals in /opt/lampp/htdocs/project-2/core/View.php on Line 14
[2026-01-08 23:08:10] Error: ErrorException: Undefined array key "user_id" in /opt/lampp/htdocs/project-2/app/Services/Auth.php on Line 18
[2026-01-08 23:09:38] Error: ErrorException: Undefined array key "user_id" in /opt/lampp/htdocs/project-2/app/Services/Auth.php on Line 19
[2026-01-08 23:10:13] Error: Error: Class "App\Services\App" not found in /opt/lampp/htdocs/project-2/app/Services/Auth.php on Line 18
[2026-01-08 23:10:13] Error: ErrorException: Undefined variable $user in /opt/lampp/htdocs/project-2/app/Views/layouts/main.php on Line 14
[2026-01-08 23:10:15] Error: Error: Class "App\Services\App" not found in /opt/lampp/htdocs/project-2/app/Services/Auth.php on Line 18
[2026-01-08 23:10:15] Error: ErrorException: Undefined variable $user in /opt/lampp/htdocs/project-2/app/Views/layouts/main.php on Line 14
[2026-01-08 23:11:34] Error: Error: Class "App\Services\App" not found in /opt/lampp/htdocs/project-2/app/Services/Auth.php on Line 18
[2026-01-08 23:11:34] Error: ErrorException: Undefined variable $user in /opt/lampp/htdocs/project-2/app/Views/layouts/main.php on Line 14
[2026-01-08 23:11:37] Error: Error: Class "App\Services\App" not found in /opt/lampp/htdocs/project-2/app/Services/Auth.php on Line 18
[2026-01-08 23:11:37] Error: ErrorException: Undefined variable $userId in /opt/lampp/htdocs/project-2/app/Views/layouts/main.php on Line 14
[2026-01-08 23:11:38] Error: Error: Class "App\Services\App" not found in /opt/lampp/htdocs/project-2/app/Services/Auth.php on Line 18
[2026-01-08 23:11:38] Error: ErrorException: Undefined variable $userId in /opt/lampp/htdocs/project-2/app/Views/layouts/main.php on Line 14
[2026-01-08 23:11:59] Error: Error: Class "App\Services\App" not found in /opt/lampp/htdocs/project-2/app/Services/Auth.php on Line 18
[2026-01-08 23:11:59] Error: ErrorException: Undefined variable $user in /opt/lampp/htdocs/project-2/app/Views/layouts/main.php on Line 14
[2026-01-08 23:12:26] Error: ErrorException: Undefined array key "user_id" in /opt/lampp/htdocs/project-2/app/Services/Auth.php on Line 20
[2026-01-08 23:12:27] Error: ErrorException: Undefined array key "user_id" in /opt/lampp/htdocs/project-2/app/Services/Auth.php on Line 20
[2026-01-08 23:12:31] Error: ErrorException: Undefined array key "user_id" in /opt/lampp/htdocs/project-2/app/Services/Auth.php on Line 20
[2026-01-08 23:12:32] Error: ErrorException: Undefined array key "user_id" in /opt/lampp/htdocs/project-2/app/Services/Auth.php on Line 20
[2026-01-08 23:12:33] Error: ErrorException: Undefined array key "user_id" in /opt/lampp/htdocs/project-2/app/Services/Auth.php on Line 20
[2026-01-08 23:12:33] Error: ErrorException: Undefined array key "user_id" in /opt/lampp/htdocs/project-2/app/Services/Auth.php on Line 20
[2026-01-08 23:12:33] Error: ErrorException: Undefined array key "user_id" in /opt/lampp/htdocs/project-2/app/Services/Auth.php on Line 20
[2026-01-08 23:12:34] Error: Error: Class "App\Services\App" not found in /opt/lampp/htdocs/project-2/app/Services/Auth.php on Line 19
[2026-01-08 23:12:34] Error: ErrorException: Undefined variable $user in /opt/lampp/htdocs/project-2/app/Views/layouts/main.php on Line 14
[2026-01-08 23:12:34] Error: Error: Class "App\Services\App" not found in /opt/lampp/htdocs/project-2/app/Services/Auth.php on Line 19
[2026-01-08 23:12:34] Error: ErrorException: Undefined variable $user in /opt/lampp/htdocs/project-2/app/Views/layouts/main.php on Line 14
[2026-01-08 23:12:34] Error: Error: Class "App\Services\App" not found in /opt/lampp/htdocs/project-2/app/Services/Auth.php on Line 19
[2026-01-08 23:12:34] Error: ErrorException: Undefined variable $user in /opt/lampp/htdocs/project-2/app/Views/layouts/main.php on Line 14
[2026-01-08 23:12:34] Error: Error: Class "App\Services\App" not found in /opt/lampp/htdocs/project-2/app/Services/Auth.php on Line 19
[2026-01-08 23:12:34] Error: ErrorException: Undefined variable $user in /opt/lampp/htdocs/project-2/app/Views/layouts/main.php on Line 14
[2026-01-08 23:14:22] Error: ErrorException: Undefined array key "user_id" in /opt/lampp/htdocs/project-2/app/Services/Auth.php on Line 18
[2026-01-08 23:18:36] Error: ErrorException: Undefined array key "user_id" in /opt/lampp/htdocs/project-2/app/Services/Auth.php on Line 22
[2026-01-08 23:18:36] Error: ErrorException: Undefined array key "user_id" in /opt/lampp/htdocs/project-2/app/Services/Auth.php on Line 22
[2026-01-08 23:21:24] Error: ErrorException: Attempt to read property "email" on null in /opt/lampp/htdocs/project-2/app/Views/layouts/main.php on Line 15
[2026-01-08 23:21:54] Error: ErrorException: Attempt to read property "email" on null in /opt/lampp/htdocs/project-2/app/Views/layouts/main.php on Line 15
[2026-01-08 23:21:58] Error: ErrorException: Attempt to read property "email" on null in /opt/lampp/htdocs/project-2/app/Views/layouts/main.php on Line 15
[2026-01-08 23:23:16] Error: ParseError: syntax error, unexpected token ";" in /opt/lampp/htdocs/project-2/app/Views/layouts/main.php on Line 17
[2026-01-08 23:23:32] Error: ErrorException: Attempt to read property "email" on null in /opt/lampp/htdocs/project-2/app/Views/layouts/main.php on Line 15
[2026-01-08 23:23:42] Error: ErrorException: Attempt to read property "email" on null in /opt/lampp/htdocs/project-2/app/Views/layouts/main.php on Line 15
[2026-01-08 23:23:43] Error: ErrorException: Attempt to read property "email" on null in /opt/lampp/htdocs/project-2/app/Views/layouts/main.php on Line 15
[2026-01-08 23:23:44] Error: ErrorException: Attempt to read property "email" on null in /opt/lampp/htdocs/project-2/app/Views/layouts/main.php on Line 15
[2026-01-08 23:23:44] Error: ErrorException: Attempt to read property "email" on null in /opt/lampp/htdocs/project-2/app/Views/layouts/main.php on Line 15
[2026-01-08 23:23:44] Error: ErrorException: Attempt to read property "email" on null in /opt/lampp/htdocs/project-2/app/Views/layouts/main.php on Line 15
[2026-01-08 23:24:15] Error: ErrorException: Undefined variable $user in /opt/lampp/htdocs/project-2/public/index.php on Line 15
[2026-01-08 23:24:16] Error: ErrorException: Undefined variable $user in /opt/lampp/htdocs/project-2/public/index.php on Line 15
[2026-01-08 23:24:17] Error: ErrorException: Undefined variable $user in /opt/lampp/htdocs/project-2/public/index.php on Line 15
[2026-01-08 23:24:26] Error: ErrorException: Undefined variable $user in /opt/lampp/htdocs/project-2/public/index.php on Line 15
[2026-01-08 23:24:27] Error: ErrorException: Undefined variable $user in /opt/lampp/htdocs/project-2/public/index.php on Line 15
[2026-01-08 23:24:28] Error: ErrorException: Undefined variable $user in /opt/lampp/htdocs/project-2/public/index.php on Line 15
[2026-01-08 23:24:29] Error: ErrorException: Attempt to read property "email" on string in /opt/lampp/htdocs/project-2/app/Views/layouts/main.php on Line 15
[2026-01-08 23:24:29] Error: ErrorException: Attempt to read property "email" on string in /opt/lampp/htdocs/project-2/app/Views/layouts/main.php on Line 15
[2026-01-09 02:02:45] Error: ErrorException: Attempt to read property "name" on null in /opt/lampp/htdocs/project-2/app/Views/home/index.php on Line 1
[2026-01-09 02:03:39] Error: ErrorException: Attempt to read property "name" on null in /opt/lampp/htdocs/project-2/app/Views/post/index.php on Line 1
[2026-01-09 02:47:05] Error: ErrorException: Attempt to read property "name" on null in /opt/lampp/htdocs/project-2/app/Views/post/index.php on Line 1
[2026-01-09 04:03:08] Error: PDOException: SQLSTATE[HY000]: General error: 1 near ")": syntax error in /opt/lampp/htdocs/project-2/core/DataBase.php on Line 36
[2026-01-09 04:03:46] Error: PDOException: SQLSTATE[HY000]: General error: 1 near ")": syntax error in /opt/lampp/htdocs/project-2/core/DataBase.php on Line 36
[2026-01-09 04:07:59] Error: Error: Class "App\Services\RememberMe" not found in /opt/lampp/htdocs/project-2/app/Services/Auth.php on Line 27
[2026-01-09 04:07:59] Error: ErrorException: Undefined variable $user in /opt/lampp/htdocs/project-2/app/Views/layouts/main.php on Line 15
[2026-01-09 04:09:30] Error: Error: Class "App\Services\RememberMe" not found in /opt/lampp/htdocs/project-2/app/Services/Auth.php on Line 27
[2026-01-09 04:09:30] Error: ErrorException: Undefined variable $user in /opt/lampp/htdocs/project-2/app/Views/layouts/main.php on Line 15
[2026-01-09 04:10:35] Error: Error: Class "App\Services\RememberMe" not found in /opt/lampp/htdocs/project-2/app/Services/Auth.php on Line 27
[2026-01-09 04:10:35] Error: ErrorException: Undefined variable $users in /opt/lampp/htdocs/project-2/app/Views/layouts/main.php on Line 15
[2026-01-09 04:10:37] Error: Error: Class "App\Services\RememberMe" not found in /opt/lampp/htdocs/project-2/app/Services/Auth.php on Line 27
[2026-01-09 04:10:37] Error: ErrorException: Undefined variable $users in /opt/lampp/htdocs/project-2/app/Views/layouts/main.php on Line 15
[2026-01-09 04:11:17] Error: Error: Class "App\Services\RememberMe" not found in /opt/lampp/htdocs/project-2/app/Services/Auth.php on Line 27
[2026-01-09 04:11:17] Error: ErrorException: Undefined variable $user in /opt/lampp/htdocs/project-2/app/Views/layouts/main.php on Line 15
[2026-01-09 04:15:48] Error: Error: Class "App\Services\RememberMe" not found in /opt/lampp/htdocs/project-2/app/Services/Auth.php on Line 27
[2026-01-09 04:15:48] Error: ErrorException: Undefined variable $user in /opt/lampp/htdocs/project-2/app/Views/layouts/main.php on Line 15
[2026-01-09 04:16:04] Error: Error: Class "App\Services\RememberMe" not found in /opt/lampp/htdocs/project-2/app/Services/Auth.php on Line 27
[2026-01-09 04:16:04] Error: ErrorException: Undefined variable $user in /opt/lampp/htdocs/project-2/app/Views/layouts/main.php on Line 15
[2026-01-09 04:16:38] Error: Error: Class "App\Services\RememberMe" not found in /opt/lampp/htdocs/project-2/app/Services/Auth.php on Line 27
[2026-01-09 04:16:38] Error: ErrorException: Undefined variable $user in /opt/lampp/htdocs/project-2/app/Views/layouts/main.php on Line 15
[2026-01-09 04:16:40] Error: Error: Class "App\Services\RememberMe" not found in /opt/lampp/htdocs/project-2/app/Services/Auth.php on Line 27
[2026-01-09 04:16:40] Error: ErrorException: Undefined variable $user in /opt/lampp/htdocs/project-2/app/Views/layouts/main.php on Line 15
[2026-01-09 04:16:41] Error: Error: Class "App\Services\RememberMe" not found in /opt/lampp/htdocs/project-2/app/Services/Auth.php on Line 27
[2026-01-09 04:16:41] Error: ErrorException: Undefined variable $user in /opt/lampp/htdocs/project-2/app/Views/layouts/main.php on Line 15
[2026-01-09 04:16:41] Error: Error: Class "App\Services\RememberMe" not found in /opt/lampp/htdocs/project-2/app/Services/Auth.php on Line 27
[2026-01-09 04:16:41] Error: ErrorException: Undefined variable $user in /opt/lampp/htdocs/project-2/app/Views/layouts/main.php on Line 15
[2026-01-09 04:16:42] Error: Error: Class "App\Services\RememberMe" not found in /opt/lampp/htdocs/project-2/app/Services/Auth.php on Line 27
[2026-01-09 04:16:42] Error: ErrorException: Undefined variable $user in /opt/lampp/htdocs/project-2/app/Views/layouts/main.php on Line 15
[2026-01-09 04:16:43] Error: Error: Class "App\Services\RememberMe" not found in /opt/lampp/htdocs/project-2/app/Services/Auth.php on Line 27
[2026-01-09 04:16:43] Error: ErrorException: Undefined variable $user in /opt/lampp/htdocs/project-2/app/Views/layouts/main.php on Line 15
[2026-01-09 04:16:43] Error: Error: Class "App\Services\RememberMe" not found in /opt/lampp/htdocs/project-2/app/Services/Auth.php on Line 27
[2026-01-09 04:16:43] Error: ErrorException: Undefined variable $user in /opt/lampp/htdocs/project-2/app/Views/layouts/main.php on Line 15
[2026-01-09 04:16:43] Error: Error: Class "App\Services\RememberMe" not found in /opt/lampp/htdocs/project-2/app/Services/Auth.php on Line 27
[2026-01-09 04:16:43] Error: ErrorException: Undefined variable $user in /opt/lampp/htdocs/project-2/app/Views/layouts/main.php on Line 15
[2026-01-09 04:16:44] Error: Error: Class "App\Services\RememberMe" not found in /opt/lampp/htdocs/project-2/app/Services/Auth.php on Line 27
[2026-01-09 04:16:44] Error: ErrorException: Undefined variable $user in /opt/lampp/htdocs/project-2/app/Views/layouts/main.php on Line 15
[2026-01-09 04:16:44] Error: Error: Class "App\Services\RememberMe" not found in /opt/lampp/htdocs/project-2/app/Services/Auth.php on Line 27
[2026-01-09 04:16:44] Error: ErrorException: Undefined variable $user in /opt/lampp/htdocs/project-2/app/Views/layouts/main.php on Line 15
[2026-01-09 04:16:44] Error: Error: Class "App\Services\RememberMe" not found in /opt/lampp/htdocs/project-2/app/Services/Auth.php on Line 27
[2026-01-09 04:16:44] Error: ErrorException: Undefined variable $user in /opt/lampp/htdocs/project-2/app/Views/layouts/main.php on Line 15
[2026-01-09 04:16:45] Error: Error: Class "App\Services\RememberMe" not found in /opt/lampp/htdocs/project-2/app/Services/Auth.php on Line 27
[2026-01-09 04:16:45] Error: ErrorException: Undefined variable $user in /opt/lampp/htdocs/project-2/app/Views/layouts/main.php on Line 15
[2026-01-09 04:17:37] Error: Error: Class "App\Services\RememberMe" not found in /opt/lampp/htdocs/project-2/app/Services/Auth.php on Line 27
[2026-01-09 04:17:37] Error: ErrorException: Undefined variable $user in /opt/lampp/htdocs/project-2/app/Views/layouts/main.php on Line 15
[2026-01-09 04:17:59] Error: Error: Class "App\Services\RememberMe" not found in /opt/lampp/htdocs/project-2/app/Services/Auth.php on Line 27
[2026-01-09 04:17:59] Error: ErrorException: Undefined variable $user in /opt/lampp/htdocs/project-2/app/Views/layouts/main.php on Line 15
[2026-01-09 04:18:04] Error: Error: Class "App\Services\RememberMe" not found in /opt/lampp/htdocs/project-2/app/Services/Auth.php on Line 27
[2026-01-09 04:18:04] Error: ErrorException: Undefined variable $user in /opt/lampp/htdocs/project-2/app/Views/layouts/main.php on Line 15
[2026-01-09 04:18:16] Error: Error: Class "App\Services\RememberMe" not found in /opt/lampp/htdocs/project-2/app/Services/Auth.php on Line 27
[2026-01-09 04:18:16] Error: ErrorException: Undefined variable $user in /opt/lampp/htdocs/project-2/app/Views/layouts/main.php on Line 15
[2026-01-09 04:18:18] Error: Error: Class "App\Services\RememberMe" not found in /opt/lampp/htdocs/project-2/app/Services/Auth.php on Line 27
[2026-01-09 04:18:18] Error: ErrorException: Undefined variable $user in /opt/lampp/htdocs/project-2/app/Views/layouts/main.php on Line 15
[2026-01-09 04:18:25] Error: Error: Class "App\Services\RememberMe" not found in /opt/lampp/htdocs/project-2/app/Services/Auth.php on Line 27
[2026-01-09 04:18:25] Error: ErrorException: Undefined variable $user in /opt/lampp/htdocs/project-2/app/Views/layouts/main.php on Line 15
[2026-01-09 04:21:46] Error: PDOException: SQLSTATE[HY000]: General error: 1 near ")": syntax error in /opt/lampp/htdocs/project-2/core/DataBase.php on Line 36
[2026-01-09 04:22:04] Error: ErrorException: Undefined property: Core\DataBase::$PDO in /opt/lampp/htdocs/project-2/core/DataBase.php on Line 36
[2026-01-09 04:24:47] Error: Error: Class "App\Services\RememberMe" not found in /opt/lampp/htdocs/project-2/app/Services/Auth.php on Line 27
[2026-01-09 04:24:47] Error: ErrorException: Undefined variable $user in /opt/lampp/htdocs/project-2/app/Views/layouts/main.php on Line 15
[2026-01-09 04:24:48] Error: Error: Class "App\Services\RememberMe" not found in /opt/lampp/htdocs/project-2/app/Services/Auth.php on Line 27
[2026-01-09 04:24:48] Error: ErrorException: Undefined variable $user in /opt/lampp/htdocs/project-2/app/Views/layouts/main.php on Line 15
[2026-01-09 04:25:13] Error: Error: Class "App\Services\RememberMe" not found in /opt/lampp/htdocs/project-2/app/Services/Auth.php on Line 27
[2026-01-09 04:25:13] Error: ErrorException: Undefined variable $user in /opt/lampp/htdocs/project-2/app/Views/layouts/main.php on Line 15
[2026-01-09 04:25:14] Error: Error: Class "App\Services\RememberMe" not found in /opt/lampp/htdocs/project-2/app/Services/Auth.php on Line 27
[2026-01-09 04:25:14] Error: ErrorException: Undefined variable $user in /opt/lampp/htdocs/project-2/app/Views/layouts/main.php on Line 15
[2026-01-09 04:56:08] Error: TypeError: Core\DataBase::query(): Argument #1 ($pdo) must be of type PDO, string given, called in /opt/lampp/htdocs/project-2/bin/schema_load.php on line 13 in /opt/lampp/htdocs/project-2/core/DataBase.php on Line 35
[2026-01-09 05:04:06] Error: PDOException: SQLSTATE[HY000]: General error: 1 no such table: remember_tokens in /opt/lampp/htdocs/project-2/core/DataBase.php on Line 36
[2026-01-09 05:04:12] Error: PDOException: SQLSTATE[HY000]: General error: 1 near ")": syntax error in /opt/lampp/htdocs/project-2/core/DataBase.php on Line 36
[2026-01-09 05:05:59] Error: PDOException: SQLSTATE[HY000]: General error: 1 near ")": syntax error in /opt/lampp/htdocs/project-2/core/DataBase.php on Line 36
[2026-01-09 05:06:41] Error: PDOException: SQLSTATE[HY000]: General error: 1 near ")": syntax error in /opt/lampp/htdocs/project-2/core/DataBase.php on Line 36
[2026-01-09 07:27:02] Error: Error: Class "App\Services\RememberMe" not found in /opt/lampp/htdocs/project-2/app/Services/Auth.php on Line 27
[2026-01-09 07:27:02] Error: ErrorException: Undefined variable $user in /opt/lampp/htdocs/project-2/app/Views/layouts/main.php on Line 15
[2026-01-09 07:39:15] Error: Error: Class "App\Services\RememberMe" not found in /opt/lampp/htdocs/project-2/app/Services/Auth.php on Line 27
[2026-01-09 07:39:15] Error: ErrorException: Undefined variable $user in /opt/lampp/htdocs/project-2/app/Views/layouts/main.php on Line 15
[2026-01-09 07:39:17] Error: Error: Class "App\Services\RememberMe" not found in /opt/lampp/htdocs/project-2/app/Services/Auth.php on Line 27
[2026-01-09 07:39:17] Error: ErrorException: Undefined variable $user in /opt/lampp/htdocs/project-2/app/Views/layouts/main.php on Line 15
[2026-01-09 07:39:25] Error: Error: Class "App\Services\RememberMe" not found in /opt/lampp/htdocs/project-2/app/Services/Auth.php on Line 27
[2026-01-09 07:39:26] Error: Error: Class "App\Services\RememberMe" not found in /opt/lampp/htdocs/project-2/app/Services/Auth.php on Line 27
[2026-01-09 07:40:56] Error: Error: Class "App\Services\RememberMe" not found in /opt/lampp/htdocs/project-2/app/Services/Auth.php on Line 27
[2026-01-09 07:40:56] Error: ErrorException: Undefined variable $user in /opt/lampp/htdocs/project-2/app/Views/layouts/main.php on Line 19
[2026-01-09 07:40:57] Error: Error: Class "App\Services\RememberMe" not found in /opt/lampp/htdocs/project-2/app/Services/Auth.php on Line 27
[2026-01-09 07:40:57] Error: ErrorException: Undefined variable $user in /opt/lampp/htdocs/project-2/app/Views/layouts/main.php on Line 19
[2026-01-09 07:43:55] Error: Error: Class "App\Services\RememberMe" not found in /opt/lampp/htdocs/project-2/app/Services/Auth.php on Line 27
[2026-01-09 07:43:55] Error: ErrorException: Undefined variable $user in /opt/lampp/htdocs/project-2/app/Views/layouts/main.php on Line 19
[2026-01-09 07:44:03] Error: Error: Class "App\Services\RememberMe" not found in /opt/lampp/htdocs/project-2/app/Services/Auth.php on Line 27
[2026-01-09 07:44:03] Error: ErrorException: Undefined variable $user in /opt/lampp/htdocs/project-2/app/Views/layouts/main.php on Line 19
[2026-01-09 07:44:16] Error: Error: Class "App\Services\RememberMe" not found in /opt/lampp/htdocs/project-2/app/Services/Auth.php on Line 27
[2026-01-09 07:44:16] Error: ErrorException: Undefined variable $user in /opt/lampp/htdocs/project-2/app/Views/layouts/main.php on Line 15
[2026-01-09 07:44:17] Error: Error: Class "App\Services\RememberMe" not found in /opt/lampp/htdocs/project-2/app/Services/Auth.php on Line 27
[2026-01-09 07:44:17] Error: ErrorException: Undefined variable $user in /opt/lampp/htdocs/project-2/app/Views/layouts/main.php on Line 15
[2026-01-09 07:48:23] Error: Error: Class "App\Services\RememberMe" not found in /opt/lampp/htdocs/project-2/app/Services/Auth.php on Line 27
[2026-01-09 07:48:23] Error: ErrorException: Undefined variable $user in /opt/lampp/htdocs/project-2/app/Views/layouts/main.php on Line 15
[2026-01-09 07:48:24] Error: Error: Class "App\Services\RememberMe" not found in /opt/lampp/htdocs/project-2/app/Services/Auth.php on Line 27
[2026-01-09 07:48:24] Error: ErrorException: Undefined variable $user in /opt/lampp/htdocs/project-2/app/Views/layouts/main.php on Line 15
[2026-01-09 07:48:24] Error: Error: Class "App\Services\RememberMe" not found in /opt/lampp/htdocs/project-2/app/Services/Auth.php on Line 27
[2026-01-09 07:48:24] Error: ErrorException: Undefined variable $user in /opt/lampp/htdocs/project-2/app/Views/layouts/main.php on Line 15
[2026-01-09 07:48:43] Error: Error: Class "App\Services\RememberMe" not found in /opt/lampp/htdocs/project-2/app/Services/Auth.php on Line 27
[2026-01-09 07:48:43] Error: ErrorException: Undefined variable $user in /opt/lampp/htdocs/project-2/app/Views/layouts/main.php on Line 15
[2026-01-09 07:50:20] Error: Error: Class "App\Services\RememberMe" not found in /opt/lampp/htdocs/project-2/app/Services/Auth.php on Line 27
[2026-01-09 07:50:20] Error: ErrorException: Undefined variable $user in /opt/lampp/htdocs/project-2/app/Views/layouts/main.php on Line 15
[2026-01-09 07:50:21] Error: Error: Class "App\Services\RememberMe" not found in /opt/lampp/htdocs/project-2/app/Services/Auth.php on Line 27
[2026-01-09 07:50:21] Error: ErrorException: Undefined variable $user in /opt/lampp/htdocs/project-2/app/Views/layouts/main.php on Line 15
[2026-01-09 07:50:22] Error: Error: Class "App\Services\RememberMe" not found in /opt/lampp/htdocs/project-2/app/Services/Auth.php on Line 27
[2026-01-09 07:50:22] Error: ErrorException: Undefined variable $user in /opt/lampp/htdocs/project-2/app/Views/layouts/main.php on Line 15
[2026-01-09 07:50:22] Error: Error: Class "App\Services\RememberMe" not found in /opt/lampp/htdocs/project-2/app/Services/Auth.php on Line 27
[2026-01-09 07:50:22] Error: ErrorException: Undefined variable $user in /opt/lampp/htdocs/project-2/app/Views/layouts/main.php on Line 15
[2026-01-09 07:50:22] Error: Error: Class "App\Services\RememberMe" not found in /opt/lampp/htdocs/project-2/app/Services/Auth.php on Line 27
[2026-01-09 07:50:22] Error: ErrorException: Undefined variable $user in /opt/lampp/htdocs/project-2/app/Views/layouts/main.php on Line 15
[2026-01-09 07:50:22] Error: Error: Class "App\Services\RememberMe" not found in /opt/lampp/htdocs/project-2/app/Services/Auth.php on Line 27
[2026-01-09 07:50:22] Error: ErrorException: Undefined variable $user in /opt/lampp/htdocs/project-2/app/Views/layouts/main.php on Line 15
[2026-01-09 07:50:23] Error: Error: Class "App\Services\RememberMe" not found in /opt/lampp/htdocs/project-2/app/Services/Auth.php on Line 27
[2026-01-09 07:50:23] Error: ErrorException: Undefined variable $user in /opt/lampp/htdocs/project-2/app/Views/layouts/main.php on Line 15
[2026-01-09 07:50:24] Error: Error: Class "App\Services\RememberMe" not found in /opt/lampp/htdocs/project-2/app/Services/Auth.php on Line 27
[2026-01-09 07:50:24] Error: ErrorException: Undefined variable $user in /opt/lampp/htdocs/project-2/app/Views/layouts/main.php on Line 15
[2026-01-09 07:50:25] Error: Error: Class "App\Services\RememberMe" not found in /opt/lampp/htdocs/project-2/app/Services/Auth.php on Line 27
[2026-01-09 07:50:25] Error: ErrorException: Undefined variable $user in /opt/lampp/htdocs/project-2/app/Views/layouts/main.php on Line 15
[2026-01-09 07:50:29] Error: Error: Class "App\Services\RememberMe" not found in /opt/lampp/htdocs/project-2/app/Services/Auth.php on Line 27
[2026-01-09 07:50:29] Error: ErrorException: Undefined variable $user in /opt/lampp/htdocs/project-2/app/Views/layouts/main.php on Line 15
[2026-01-09 07:51:21] Error: Error: Class "App\Services\RememberMe" not found in /opt/lampp/htdocs/project-2/app/Services/Auth.php on Line 27
[2026-01-09 07:51:21] Error: ErrorException: Undefined variable $user in /opt/lampp/htdocs/project-2/app/Views/layouts/main.php on Line 15
[2026-01-09 07:51:21] Error: Error: Class "App\Services\RememberMe" not found in /opt/lampp/htdocs/project-2/app/Services/Auth.php on Line 27
[2026-01-09 07:51:21] Error: ErrorException: Undefined variable $user in /opt/lampp/htdocs/project-2/app/Views/layouts/main.php on Line 15
[2026-01-09 07:51:22] Error: Error: Class "App\Services\RememberMe" not found in /opt/lampp/htdocs/project-2/app/Services/Auth.php on Line 27
[2026-01-09 07:51:22] Error: ErrorException: Undefined variable $user in /opt/lampp/htdocs/project-2/app/Views/layouts/main.php on Line 15
[2026-01-09 07:51:22] Error: Error: Class "App\Services\RememberMe" not found in /opt/lampp/htdocs/project-2/app/Services/Auth.php on Line 27
[2026-01-09 07:51:22] Error: ErrorException: Undefined variable $user in /opt/lampp/htdocs/project-2/app/Views/layouts/main.php on Line 15
[2026-01-09 07:51:22] Error: Error: Class "App\Services\RememberMe" not found in /opt/lampp/htdocs/project-2/app/Services/Auth.php on Line 27
[2026-01-09 07:51:22] Error: ErrorException: Undefined variable $user in /opt/lampp/htdocs/project-2/app/Views/layouts/main.php on Line 15
[2026-01-09 07:51:23] Error: Error: Class "App\Services\RememberMe" not found in /opt/lampp/htdocs/project-2/app/Services/Auth.php on Line 27
[2026-01-09 07:51:23] Error: ErrorException: Undefined variable $user in /opt/lampp/htdocs/project-2/app/Views/layouts/main.php on Line 15
[2026-01-09 07:51:23] Error: Error: Class "App\Services\RememberMe" not found in /opt/lampp/htdocs/project-2/app/Services/Auth.php on Line 27
[2026-01-09 07:51:23] Error: ErrorException: Undefined variable $user in /opt/lampp/htdocs/project-2/app/Views/layouts/main.php on Line 15
[2026-01-09 07:51:23] Error: Error: Class "App\Services\RememberMe" not found in /opt/lampp/htdocs/project-2/app/Services/Auth.php on Line 27
[2026-01-09 07:51:23] Error: ErrorException: Undefined variable $user in /opt/lampp/htdocs/project-2/app/Views/layouts/main.php on Line 15
[2026-01-09 07:51:24] Error: Error: Class "App\Services\RememberMe" not found in /opt/lampp/htdocs/project-2/app/Services/Auth.php on Line 27
[2026-01-09 07:51:24] Error: ErrorException: Undefined variable $user in /opt/lampp/htdocs/project-2/app/Views/layouts/main.php on Line 15
[2026-01-09 07:51:24] Error: Error: Class "App\Services\RememberMe" not found in /opt/lampp/htdocs/project-2/app/Services/Auth.php on Line 27
[2026-01-09 07:51:24] Error: ErrorException: Undefined variable $user in /opt/lampp/htdocs/project-2/app/Views/layouts/main.php on Line 15
[2026-01-09 07:51:24] Error: Error: Class "App\Services\RememberMe" not found in /opt/lampp/htdocs/project-2/app/Services/Auth.php on Line 27
[2026-01-09 07:51:24] Error: ErrorException: Undefined variable $user in /opt/lampp/htdocs/project-2/app/Views/layouts/main.php on Line 15
[2026-01-09 07:51:24] Error: Error: Class "App\Services\RememberMe" not found in /opt/lampp/htdocs/project-2/app/Services/Auth.php on Line 27
[2026-01-09 07:51:24] Error: ErrorException: Undefined variable $user in /opt/lampp/htdocs/project-2/app/Views/layouts/main.php on Line 15
[2026-01-09 07:51:24] Error: Error: Class "App\Services\RememberMe" not found in /opt/lampp/htdocs/project-2/app/Services/Auth.php on Line 27
[2026-01-09 07:51:24] Error: ErrorException: Undefined variable $user in /opt/lampp/htdocs/project-2/app/Views/layouts/main.php on Line 15
[2026-01-09 07:51:25] Error: Error: Class "App\Services\RememberMe" not found in /opt/lampp/htdocs/project-2/app/Services/Auth.php on Line 27
[2026-01-09 07:51:25] Error: ErrorException: Undefined variable $user in /opt/lampp/htdocs/project-2/app/Views/layouts/main.php on Line 15
[2026-01-09 07:53:16] Error: Error: Access to undeclared static property App\Services\Auth::$user in /opt/lampp/htdocs/project-2/app/Services/Auth.php on Line 25
[2026-01-09 07:53:16] Error: ErrorException: Undefined variable $user in /opt/lampp/htdocs/project-2/app/Views/layouts/main.php on Line 15
[2026-01-09 07:53:17] Error: Error: Access to undeclared static property App\Services\Auth::$user in /opt/lampp/htdocs/project-2/app/Services/Auth.php on Line 25
[2026-01-09 07:53:17] Error: ErrorException: Undefined variable $user in /opt/lampp/htdocs/project-2/app/Views/layouts/main.php on Line 15
[2026-01-09 07:53:17] Error: Error: Access to undeclared static property App\Services\Auth::$user in /opt/lampp/htdocs/project-2/app/Services/Auth.php on Line 25
[2026-01-09 07:53:17] Error: ErrorException: Undefined variable $user in /opt/lampp/htdocs/project-2/app/Views/layouts/main.php on Line 15
[2026-01-09 07:53:17] Error: Error: Access to undeclared static property App\Services\Auth::$user in /opt/lampp/htdocs/project-2/app/Services/Auth.php on Line 25
[2026-01-09 07:53:17] Error: ErrorException: Undefined variable $user in /opt/lampp/htdocs/project-2/app/Views/layouts/main.php on Line 15
[2026-01-09 07:54:03] Error: Error: Class "App\Services\RememberMe" not found in /opt/lampp/htdocs/project-2/app/Services/Auth.php on Line 27
[2026-01-09 07:54:03] Error: ErrorException: Undefined variable $user in /opt/lampp/htdocs/project-2/app/Views/layouts/main.php on Line 15
[2026-01-09 07:54:19] Error: Error: Class "App\Services\RememberMe" not found in /opt/lampp/htdocs/project-2/app/Services/Auth.php on Line 27
[2026-01-09 07:54:19] Error: ErrorException: Undefined variable $user in /opt/lampp/htdocs/project-2/app/Views/layouts/main.php on Line 15
[2026-01-09 07:59:24] Error: Error: Class "App\Services\RememberMe" not found in /opt/lampp/htdocs/project-2/app/Services/Auth.php on Line 28
[2026-01-09 07:59:24] Error: ErrorException: Undefined variable $user in /opt/lampp/htdocs/project-2/app/Views/layouts/main.php on Line 15
[2026-01-09 08:02:14] Error: Error: Class "App\Services\RememberMe" not found in /opt/lampp/htdocs/project-2/app/Services/Auth.php on Line 28
[2026-01-09 08:02:15] Error: Error: Class "App\Services\RememberMe" not found in /opt/lampp/htdocs/project-2/app/Services/Auth.php on Line 28
[2026-01-09 08:03:11] Error: Error: Class "App\Services\RememberMe" not found in /opt/lampp/htdocs/project-2/app/Services/Auth.php on Line 28
[2026-01-09 08:03:11] Error: ErrorException: Undefined variable $user in /opt/lampp/htdocs/project-2/app/Views/layouts/main.php on Line 15
[2026-01-09 08:03:12] Error: Error: Class "App\Services\RememberMe" not found in /opt/lampp/htdocs/project-2/app/Services/Auth.php on Line 28
[2026-01-09 08:03:12] Error: ErrorException: Undefined variable $user in /opt/lampp/htdocs/project-2/app/Views/layouts/main.php on Line 15
[2026-01-09 08:03:14] Error: Error: Class "App\Services\RememberMe" not found in /opt/lampp/htdocs/project-2/app/Services/Auth.php on Line 28
[2026-01-09 08:03:14] Error: ErrorException: Undefined variable $user in /opt/lampp/htdocs/project-2/app/Views/layouts/main.php on Line 15
[2026-01-09 08:03:28] Error: Error: Class "App\Services\RememberMe" not found in /opt/lampp/htdocs/project-2/app/Services/Auth.php on Line 28
[2026-01-09 08:03:57] Error: Error: Class "App\Service\RememberMe" not found in /opt/lampp/htdocs/project-2/app/Services/Auth.php on Line 28
[2026-01-09 08:03:58] Error: Error: Class "App\Service\RememberMe" not found in /opt/lampp/htdocs/project-2/app/Services/Auth.php on Line 28
[2026-01-09 08:03:58] Error: Error: Class "App\Service\RememberMe" not found in /opt/lampp/htdocs/project-2/app/Services/Auth.php on Line 28
[2026-01-09 08:03:58] Error: Error: Class "App\Service\RememberMe" not found in /opt/lampp/htdocs/project-2/app/Services/Auth.php on Line 28
[2026-01-09 08:06:34] Error: PDOException: SQLSTATE[HY000]: General error: 1 near ")": syntax error in /opt/lampp/htdocs/project-2/core/DataBase.php on Line 36
[2026-01-09 08:13:21] Error: ErrorException: Undefined variable $stmt in /opt/lampp/htdocs/project-2/core/DataBase.php on Line 36
[2026-01-09 08:13:33] Error: PDOException: SQLSTATE[HY000]: General error: 1 near ")": syntax error in /opt/lampp/htdocs/project-2/core/DataBase.php on Line 36
[2026-01-09 08:23:27] Error: TypeError: Core\Model::find(): Return value must be of type ?App\Models\Post, false returned in /opt/lampp/htdocs/project-2/core/Model.php on Line 17
[2026-01-09 08:25:25] Error: TypeError: Core\Model::find(): Return value must be of type ?App\Models\Post, false returned in /opt/lampp/htdocs/project-2/core/Model.php on Line 17
[2026-01-09 09:04:05] Error: PDOException: SQLSTATE[HY000]: General error: 1 near ")": syntax error in /opt/lampp/htdocs/project-2/core/DataBase.php on Line 36
[2026-01-09 09:13:18] Error: PDOException: SQLSTATE[HY000]: General error: 1 near ")": syntax error in /opt/lampp/htdocs/project-2/core/DataBase.php on Line 36
[2026-01-09 09:15:37] Error: Error: Class "App\Services\Auth" not found in /opt/lampp/htdocs/project-2/public/index.php on Line 15
[2026-01-09 09:15:37] Error: ErrorException: Undefined variable $user in /opt/lampp/htdocs/project-2/app/Views/layouts/main.php on Line 15
[2026-01-09 10:10:21] Error: PDOException: SQLSTATE[HY000]: General error: 1 near ")": syntax error in /opt/lampp/htdocs/project-2/core/DataBase.php on Line 36
[2026-01-09 10:13:04] Error: PDOException: SQLSTATE[HY000]: General error: 1 near ")": syntax error in /opt/lampp/htdocs/project-2/core/DataBase.php on Line 36
[2026-01-28 14:45:36] Error: PDOException: SQLSTATE[HY000]: General error: 1 near ")": syntax error in /opt/lampp/htdocs/project-2/core/DataBase.php on Line 36
[2026-01-28 15:01:35] Error: ErrorException: Undefined variable $limit in /opt/lampp/htdocs/project-2/test.php on Line 15
[2026-01-28 15:01:35] Error: ErrorException: Undefined variable $limit in /opt/lampp/htdocs/project-2/test.php on Line 15
[2026-01-28 15:01:35] Error: ErrorException: Undefined variable $limit in /opt/lampp/htdocs/project-2/test.php on Line 15
[2026-01-28 15:01:37] Error: ErrorException: Undefined variable $limit in /opt/lampp/htdocs/project-2/test.php on Line 15
[2026-01-28 15:01:37] Error: ErrorException: Undefined variable $limit in /opt/lampp/htdocs/project-2/test.php on Line 15
[2026-01-28 15:01:37] Error: ErrorException: Undefined variable $limit in /opt/lampp/htdocs/project-2/test.php on Line 15
[2026-02-05 11:03:04] Error: TypeError: Core\Model::find(): Return value must be of type ?App\Models\Post, false returned in /opt/lampp/htdocs/project-2/core/Model.php on Line 17
[2026-02-05 11:03:14] Error: TypeError: Core\Model::find(): Return value must be of type ?App\Models\Post, false returned in /opt/lampp/htdocs/project-2/core/Model.php on Line 17
[2026-02-05 11:15:56] Error: ErrorException: Undefined variable $id in /opt/lampp/htdocs/project-2/app/Views/post/index.php on Line 2
[2026-02-05 11:17:57] Error: ErrorException: Undefined variable $id in /opt/lampp/htdocs/project-2/app/Views/post/index.php on Line 2
[2026-02-05 11:17:58] Error: ErrorException: Undefined variable $id in /opt/lampp/htdocs/project-2/app/Views/post/index.php on Line 2
[2026-02-05 11:17:58] Error: ErrorException: Undefined variable $id in /opt/lampp/htdocs/project-2/app/Views/post/index.php on Line 2
[2026-02-05 11:18:14] Error: ErrorException: Undefined variable $post in /opt/lampp/htdocs/project-2/app/Views/post/index.php on Line 10
[2026-02-05 11:18:18] Error: ErrorException: Undefined variable $post in /opt/lampp/htdocs/project-2/app/Views/post/index.php on Line 10
[2026-02-05 11:19:45] Error: TypeError: Core\Model::find(): Return value must be of type ?App\Models\Post, false returned in /opt/lampp/htdocs/project-2/core/Model.php on Line 17
[2026-02-05 13:38:17] Error: TypeError: Core\DataBase::fetchAll(): Argument #2 ($params) must be of type array, string given, called in /opt/lampp/htdocs/project-2/core/Model.php on line 12 in /opt/lampp/htdocs/project-2/core/DataBase.php on Line 41
[2026-02-05 13:39:44] Error: Error: Call to protected method Core\Router::findRoute() from global scope in /opt/lampp/htdocs/project-2/testing.php on Line 48
[2026-02-05 13:40:04] Error: Error: Call to protected method Core\Router::findRoute() from global scope in /opt/lampp/htdocs/project-2/testing.php on Line 48
[2026-02-05 13:40:56] Error: ErrorException: http_response_code(): Cannot set response code - headers already sent (output started at /opt/lampp/htdocs/project-2/testing.php:8) in /opt/lampp/htdocs/project-2/core/Router.php on Line 16
[2026-02-05 18:38:11] Error: ErrorException: http_response_code(): Cannot set response code - headers already sent (output started at /opt/lampp/htdocs/project-2/testing.php:8) in /opt/lampp/htdocs/project-2/core/Router.php on Line 16
[2026-02-15 16:00:25] Error: Error: Class "App\Controllers\App\Controllers\HomeController" not found in /opt/lampp/htdocs/project-2/core/Router.php on Line 65
[2026-02-15 16:00:26] Error: Error: Class "App\Controllers\App\Controllers\HomeController" not found in /opt/lampp/htdocs/project-2/core/Router.php on Line 65
[2026-02-15 16:02:06] Error: Error: Class "App\Controllers\App\Controllers\HomeController" not found in /opt/lampp/htdocs/project-2/core/Router.php on Line 65
[2026-02-15 16:02:07] Error: Error: Class "App\Controllers\App\Controllers\HomeController" not found in /opt/lampp/htdocs/project-2/core/Router.php on Line 65
[2026-02-15 16:02:08] Error: Error: Class "App\Controllers\App\Controllers\HomeController" not found in /opt/lampp/htdocs/project-2/core/Router.php on Line 65
[2026-02-15 16:02:09] Error: Error: Class "App\Controllers\App\Controllers\HomeController" not found in /opt/lampp/htdocs/project-2/core/Router.php on Line 65
[2026-02-15 16:02:13] Error: Error: Class "App\Controllers\App\Controllers\HomeController" not found in /opt/lampp/htdocs/project-2/core/Router.php on Line 65
[2026-02-15 16:04:11] Error: Error: Class "App\Controllers\App\Controllers\HomeController" not found in /opt/lampp/htdocs/project-2/core/Router.php on Line 68
[2026-02-15 16:04:12] Error: Error: Class "App\Controllers\App\Controllers\HomeController" not found in /opt/lampp/htdocs/project-2/core/Router.php on Line 68
[2026-02-15 16:04:57] Error: Error: Class "App\Controllers\App\Controllers\HomeController" not found in /opt/lampp/htdocs/project-2/core/Router.php on Line 70
[2026-02-15 16:07:59] Error: Error: Class "App\Controllers\App\Controllers\HomeController" not found in /opt/lampp/htdocs/project-2/core/Router.php on Line 70
[2026-02-16 07:27:13] Error: Error: Class "App\Controllers\App\Controllers\HomeController" not found in /opt/lampp/htdocs/project-2/core/Router.php on Line 70
[2026-02-16 07:27:17] Error: Error: Class "App\Controllers\App\Controllers\PostController" not found in /opt/lampp/htdocs/project-2/core/Router.php on Line 70
[2026-02-16 07:30:37] Error: Error: Class "App\Controllers\App\Controllers\PostController" not found in /opt/lampp/htdocs/project-2/core/Router.php on Line 70
[2026-02-16 07:30:38] Error: Error: Class "App\Controllers\App\Controllers\PostController" not found in /opt/lampp/htdocs/project-2/core/Router.php on Line 70
[2026-02-16 07:30:40] Error: Error: Class "App\Controllers\App\Controllers\PostController" not found in /opt/lampp/htdocs/project-2/core/Router.php on Line 70
[2026-02-16 07:30:41] Error: Error: Class "App\Controllers\App\Controllers\HomeController" not found in /opt/lampp/htdocs/project-2/core/Router.php on Line 70
[2026-02-16 07:30:42] Error: Error: Class "App\Controllers\App\Controllers\HomeController" not found in /opt/lampp/htdocs/project-2/core/Router.php on Line 70
[2026-02-22 15:42:19] Error: ParseError: syntax error, unexpected token "<<", expecting ";" in /opt/lampp/htdocs/project-2/helpers.php on Line 15
[2026-02-22 15:42:19] Error: ErrorException: Undefined variable $user in /opt/lampp/htdocs/project-2/app/Views/layouts/main.php on Line 15
[2026-02-22 15:43:47] Error: ParseError: syntax error, unexpected token "<<", expecting ";" in /opt/lampp/htdocs/project-2/helpers.php on Line 15
[2026-02-22 15:43:47] Error: ErrorException: Undefined variable $user in /opt/lampp/htdocs/project-2/app/Views/layouts/main.php on Line 15
[2026-02-22 15:43:50] Error: ParseError: syntax error, unexpected token "<<", expecting ";" in /opt/lampp/htdocs/project-2/helpers.php on Line 15
[2026-02-22 15:43:50] Error: ErrorException: Undefined variable $user in /opt/lampp/htdocs/project-2/app/Views/layouts/main.php on Line 15
[2026-02-22 16:46:47] Error: Error: Class "Csrf" not found in /opt/lampp/htdocs/project-2/helpers.php on Line 14
[2026-02-22 16:46:47] Error: ErrorException: Undefined variable $user in /opt/lampp/htdocs/project-2/app/Views/layouts/main.php on Line 15
[2026-02-22 16:55:44] Error: Error: Class "Csrf" not found in /opt/lampp/htdocs/project-2/helpers.php on Line 14
[2026-02-22 16:55:44] Error: ErrorException: Undefined variable $user in /opt/lampp/htdocs/project-2/app/Views/layouts/main.php on Line 15
[2026-02-22 17:09:50] Error: Error: Class "Csrf" not found in /opt/lampp/htdocs/project-2/helpers.php on Line 14
[2026-02-22 17:10:44] Error: Error: Class "App\Sevices\Csrf" not found in /opt/lampp/htdocs/project-2/helpers.php on Line 15
[2026-02-22 17:10:45] Error: Error: Class "App\Sevices\Csrf" not found in /opt/lampp/htdocs/project-2/helpers.php on Line 15
[2026-02-22 17:10:45] Error: Error: Class "App\Sevices\Csrf" not found in /opt/lampp/htdocs/project-2/helpers.php on Line 15
[2026-02-22 17:11:10] Error: Error: Cannot access private constant App\Services\Csrf::TOKEN_FIELD_NAME in /opt/lampp/htdocs/project-2/helpers.php on Line 15
[2026-02-22 17:11:10] Error: Error: Cannot access private constant App\Services\Csrf::TOKEN_FIELD_NAME in /opt/lampp/htdocs/project-2/helpers.php on Line 15
[2026-02-22 17:11:19] Error: Error: Cannot access private constant App\Services\Csrf::TOKEN_FIELD_NAME in /opt/lampp/htdocs/project-2/helpers.php on Line 15
[2026-02-22 17:13:59] Error: Error: Cannot access private constant App\Services\Csrf::TOKEN_FIELD_NAME in /opt/lampp/htdocs/project-2/helpers.php on Line 15
[2026-02-22 17:13:59] Error: Error: Cannot access private constant App\Services\Csrf::TOKEN_FIELD_NAME in /opt/lampp/htdocs/project-2/helpers.php on Line 15
[2026-02-22 17:14:00] Error: Error: Cannot access private constant App\Services\Csrf::TOKEN_FIELD_NAME in /opt/lampp/htdocs/project-2/helpers.php on Line 15
[2026-02-22 17:14:00] Error: Error: Cannot access private constant App\Services\Csrf::TOKEN_FIELD_NAME in /opt/lampp/htdocs/project-2/helpers.php on Line 15
[2026-02-22 17:15:11] Error: Error: Cannot access private constant App\Services\CSRF::TOKEN_FIELD_NAME in /opt/lampp/htdocs/project-2/helpers.php on Line 15
[2026-02-22 17:15:11] Error: Error: Cannot access private constant App\Services\CSRF::TOKEN_FIELD_NAME in /opt/lampp/htdocs/project-2/helpers.php on Line 15
[2026-02-22 17:15:12] Error: Error: Cannot access private constant App\Services\CSRF::TOKEN_FIELD_NAME in /opt/lampp/htdocs/project-2/helpers.php on Line 15
[2026-02-22 17:24:17] Error: Error: Cannot access private constant App\Services\CSRF::TOKEN_FIELD_NAME in /opt/lampp/htdocs/project-2/helpers.php on Line 15
[2026-02-22 17:24:18] Error: Error: Cannot access private constant App\Services\CSRF::TOKEN_FIELD_NAME in /opt/lampp/htdocs/project-2/helpers.php on Line 15
[2026-02-22 17:24:19] Error: Error: Cannot access private constant App\Services\CSRF::TOKEN_FIELD_NAME in /opt/lampp/htdocs/project-2/helpers.php on Line 15
[2026-02-22 17:25:30] Error: Error: Cannot access private constant App\Services\CSRF::TOKEN_FIELD_NAME in /opt/lampp/htdocs/project-2/helpers.php on Line 15
[2026-02-22 17:25:31] Error: Error: Cannot access private constant App\Services\CSRF::TOKEN_FIELD_NAME in /opt/lampp/htdocs/project-2/helpers.php on Line 15
[2026-02-22 17:26:27] Error: ErrorException: session_start(): Ignoring session_start() because a session is already active (started from /opt/lampp/htdocs/project-2/bootstrap.php on line 18) in /opt/lampp/htdocs/project-2/public/index.php on Line 10
[2026-02-22 17:26:28] Error: ErrorException: session_start(): Ignoring session_start() because a session is already active (started from /opt/lampp/htdocs/project-2/bootstrap.php on line 18) in /opt/lampp/htdocs/project-2/public/index.php on Line 10
[2026-02-22 17:27:14] Error: ErrorException: Undefined variable $name in /opt/lampp/htdocs/project-2/helpers.php on Line 20
[2026-02-22 17:37:19] Error: ErrorException: Undefined variable $name in /opt/lampp/htdocs/project-2/helpers.php on Line 20
[2026-02-22 17:37:43] Error: ErrorException: Undefined variable $name in /opt/lampp/htdocs/project-2/helpers.php on Line 20
[2026-02-22 17:43:26] Error: Error: Class "App\Controllers\CSRF" not found in /opt/lampp/htdocs/project-2/app/Controllers/AuthController.php on Line 18
[2026-02-22 17:44:13] Error: ErrorException: Undefined array key "csrf_token" in /opt/lampp/htdocs/project-2/app/Services/CSRF.php on Line 28
[2026-02-22 17:44:14] Error: ErrorException: Undefined array key "csrf_token" in /opt/lampp/htdocs/project-2/app/Services/CSRF.php on Line 28
[2026-02-23 06:16:19] Error: ErrorException: Undefined array key 1 in /opt/lampp/htdocs/project-2/core/Router.php on Line 40
[2026-02-23 06:26:01] Error: Error: Class "CommentController" not found in /opt/lampp/htdocs/project-2/core/Router.php on Line 81
[2026-02-23 06:26:24] Error: Error: Class "App\Controllers\CommentController" not found in /opt/lampp/htdocs/project-2/core/Router.php on Line 81
[2026-02-23 06:26:54] Error: Error: Class "App\Controllers\CommentController" not found in /opt/lampp/htdocs/project-2/core/Router.php on Line 81
[2026-02-23 06:28:45] Error: Error: Class "App\Controllers\CommentController" not found in /opt/lampp/htdocs/project-2/core/Router.php on Line 81
[2026-02-23 06:29:31] Error: Error: Unknown named parameter $id in /opt/lampp/htdocs/project-2/core/Router.php on Line 81
[2026-02-23 06:32:26] Error: Error: Call to undefined method App\Models\Comment::creat() in /opt/lampp/htdocs/project-2/app/Controllers/CommentController.php on Line 18
[2026-02-23 06:33:16] Error: ErrorException: Undefined variable $user in /opt/lampp/htdocs/project-2/app/Controllers/CommentController.php on Line 20
[2026-02-23 06:33:54] Error: ErrorException: Undefined variable $user_id in /opt/lampp/htdocs/project-2/app/Controllers/CommentController.php on Line 20
[2026-02-23 07:11:02] Error: ErrorException: Undefined array key "middleware" in /opt/lampp/htdocs/project-2/core/Router.php on Line 53
[2026-02-23 07:11:25] Error: ErrorException: Undefined array key "middleware" in /opt/lampp/htdocs/project-2/core/Router.php on Line 55
[2026-02-23 07:11:25] Error: ErrorException: Undefined array key "middleware" in /opt/lampp/htdocs/project-2/core/Router.php on Line 55
[2026-02-23 07:11:25] Error: ErrorException: Undefined array key "middleware" in /opt/lampp/htdocs/project-2/core/Router.php on Line 55
[2026-02-23 07:11:26] Error: ErrorException: Undefined array key "middleware" in /opt/lampp/htdocs/project-2/core/Router.php on Line 55
[2026-02-23 07:11:26] Error: ErrorException: Undefined array key "middleware" in /opt/lampp/htdocs/project-2/core/Router.php on Line 55
[2026-02-23 07:11:26] Error: ErrorException: Undefined array key "middleware" in /opt/lampp/htdocs/project-2/core/Router.php on Line 55
[2026-02-23 07:11:26] Error: ErrorException: Undefined array key "middleware" in /opt/lampp/htdocs/project-2/core/Router.php on Line 55
[2026-02-23 07:11:26] Error: ErrorException: Undefined array key "middleware" in /opt/lampp/htdocs/project-2/core/Router.php on Line 55
[2026-02-23 07:17:40] Error: ErrorException: Undefined variable $middlewares in /opt/lampp/htdocs/project-2/core/Router.php on Line 70
